Arguments: 
  C:\Program Files\nodejs\node.exe C:\Users\Aniruddha Dhawad\AppData\Roaming\npm\node_modules\yarn\bin\yarn.js install

PATH: 
  C:\Program Files (x86)\VMware\VMware Player\bin\;C:\ProgramData\Oracle\Java\javapath;C:\Windows\system32;C:\Windows;C:\Windows\System32\Wbem;C:\Windows\System32\WindowsPowerShell\v1.0\;C:\Windows\System32\OpenSSH\;C:\Program Files (x86)\NVIDIA Corporation\PhysX\Common;C:\Program Files\NVIDIA Corporation\NVIDIA NvDLISR;C:\Program Files\Intel\WiFi\bin\;C:\Program Files\Common Files\Intel\WirelessCommon\;C:\Program Files\Java\jdk1.8.0_92\bin;C:\WINDOWS\system32;C:\WINDOWS;C:\WINDOWS\System32\Wbem;C:\WINDOWS\System32\WindowsPowerShell\v1.0\;C:\WINDOWS\System32\OpenSSH\;C:\Program Files\nodejs\;C:\Program Files\Git\cmd;C:\Program Files (x86)\CodeBlocks\MinGW\bin;C:\Program Files\MongoDB\Server\5.0\bin;X:\Softwares\xampp\php;C:\ProgramData\ComposerSetup\bin;C:\Program Files\PuTTY\;C:\Program Files\MySQL\MySQL Shell 8.0\bin\;C:\Users\Aniruddha Dhawad\AppData\Local\Programs\Python\Python38-32\Scripts\;C:\Users\Aniruddha Dhawad\AppData\Local\Programs\Python\Python38-32\;C:\Users\Aniruddha Dhawad\AppData\Local\Programs\Python\Python37-32\Scripts\;C:\Users\Aniruddha Dhawad\AppData\Local\Programs\Python\Python37-32\;C:\Users\Aniruddha Dhawad\AppData\Local\Microsoft\WindowsApps;Y:\VS Code\Microsoft VS Code\bin;C:\Program Files (x86)\CodeBlocks\MinGW\bin;C:\Users\Aniruddha Dhawad\AppData\Roaming\npm;C:\Users\Aniruddha Dhawad\AppData\Roaming\npm\node_modules\@angular\cli\bin;C:\Users\Aniruddha Dhawad\AppData\Local\GitHubDesktop\bin;C:\Users\Aniruddha Dhawad\AppData\Local\Microsoft\WindowsApps;C:\Users\Aniruddha Dhawad\AppData\Local\Pandoc\;Y:\flutter_windows_2.2.3-stable\flutter\bin;C:\Program Files\MongoDB\Server\5.0\bin;C:\Users\Aniruddha Dhawad\AppData\Roaming\Composer\vendor\bin

Yarn version: 
  1.22.10

Node version: 
  12.16.2

Platform: 
  win32 x64

Trace: 
  Error: connect ETIMEDOUT 104.16.20.35:443
      at TCPConnectWrap.afterConnect [as oncomplete] (net.js:1141:16)

npm manifest: 
  {
    "name": "mendit",
    "version": "1.0.0",
    "main": "node_modules/expo/AppEntry.js",
    "scripts": {
      "start": "expo start",
      "android": "expo start --android",
      "ios": "expo start --ios",
      "web": "expo start --web",
      "eject": "expo eject"
    },
    "dependencies": {
      "expo": "~44.0.0",
      "expo-status-bar": "~1.2.0",
      "react": "17.0.1",
      "react-dom": "17.0.1",
      "react-native": "0.64.3",
      "react-native-web": "0.17.1"
    },
    "devDependencies": {
      "@babel/core": "^7.12.9"
    },
    "private": true
  }

yarn manifest: 
  No manifest

Lockfile: 
  No lockfile
